{"total": {"lines":{"total":515,"covered":212,"skipped":0,"pct":41.17},"statements":{"total":515,"covered":212,"skipped":0,"pct":41.17},"functions":{"total":81,"covered":34,"skipped":0,"pct":41.98},"branches":{"total":88,"covered":36,"skipped":0,"pct":40.91}}
,"C:\\Users\\KeithBoice\\source\\repos\\Sample-Node-API-Docker-Kubernetes\\database\\config.js": {"lines":{"total":5,"covered":5,"skipped":0,"pct":100},"functions":{"total":0,"covered":0,"skipped":0,"pct":100},"statements":{"total":5,"covered":5,"skipped":0,"pct":100},"branches":{"total":0,"covered":0,"skipped":0,"pct":100}}
,"C:\\Users\\KeithBoice\\source\\repos\\Sample-Node-API-Docker-Kubernetes\\database\\models\\index.js": {"lines":{"total":21,"covered":20,"skipped":0,"pct":95.24},"functions":{"total":3,"covered":3,"skipped":0,"pct":100},"statements":{"total":21,"covered":20,"skipped":0,"pct":95.24},"branches":{"total":9,"covered":6,"skipped":0,"pct":66.67}}
,"C:\\Users\\KeithBoice\\source\\repos\\Sample-Node-API-Docker-Kubernetes\\database\\models\\meeting.js": {"lines":{"total":6,"covered":6,"skipped":0,"pct":100},"functions":{"total":2,"covered":2,"skipped":0,"pct":100},"statements":{"total":6,"covered":6,"skipped":0,"pct":100},"branches":{"total":0,"covered":0,"skipped":0,"pct":100}}
,"C:\\Users\\KeithBoice\\source\\repos\\Sample-Node-API-Docker-Kubernetes\\database\\models\\oauth.js": {"lines":{"total":6,"covered":6,"skipped":0,"pct":100},"functions":{"total":2,"covered":2,"skipped":0,"pct":100},"statements":{"total":6,"covered":6,"skipped":0,"pct":100},"branches":{"total":0,"covered":0,"skipped":0,"pct":100}}
,"C:\\Users\\KeithBoice\\source\\repos\\Sample-Node-API-Docker-Kubernetes\\database\\models\\partner.js": {"lines":{"total":6,"covered":6,"skipped":0,"pct":100},"functions":{"total":2,"covered":2,"skipped":0,"pct":100},"statements":{"total":6,"covered":6,"skipped":0,"pct":100},"branches":{"total":0,"covered":0,"skipped":0,"pct":100}}
,"C:\\Users\\KeithBoice\\source\\repos\\Sample-Node-API-Docker-Kubernetes\\database\\models\\user.js": {"lines":{"total":6,"covered":6,"skipped":0,"pct":100},"functions":{"total":2,"covered":2,"skipped":0,"pct":100},"statements":{"total":6,"covered":6,"skipped":0,"pct":100},"branches":{"total":0,"covered":0,"skipped":0,"pct":100}}
,"C:\\Users\\KeithBoice\\source\\repos\\Sample-Node-API-Docker-Kubernetes\\server\\index.js": {"lines":{"total":13,"covered":13,"skipped":0,"pct":100},"functions":{"total":0,"covered":0,"skipped":0,"pct":100},"statements":{"total":13,"covered":13,"skipped":0,"pct":100},"branches":{"total":0,"covered":0,"skipped":0,"pct":100}}
,"C:\\Users\\KeithBoice\\source\\repos\\Sample-Node-API-Docker-Kubernetes\\server\\modules\\dataaccess\\index.js": {"lines":{"total":17,"covered":7,"skipped":0,"pct":41.18},"functions":{"total":2,"covered":1,"skipped":0,"pct":50},"statements":{"total":17,"covered":7,"skipped":0,"pct":41.18},"branches":{"total":0,"covered":0,"skipped":0,"pct":100}}
,"C:\\Users\\KeithBoice\\source\\repos\\Sample-Node-API-Docker-Kubernetes\\server\\modules\\integrations\\oauth\\gettoken\\index.js": {"lines":{"total":109,"covered":9,"skipped":0,"pct":8.26},"functions":{"total":10,"covered":0,"skipped":0,"pct":0},"statements":{"total":109,"covered":9,"skipped":0,"pct":8.26},"branches":{"total":25,"covered":0,"skipped":0,"pct":0}}
,"C:\\Users\\KeithBoice\\source\\repos\\Sample-Node-API-Docker-Kubernetes\\server\\modules\\integrations\\oauth\\settoken\\index.js": {"lines":{"total":20,"covered":7,"skipped":0,"pct":35},"functions":{"total":5,"covered":0,"skipped":0,"pct":0},"statements":{"total":20,"covered":7,"skipped":0,"pct":35},"branches":{"total":0,"covered":0,"skipped":0,"pct":100}}
,"C:\\Users\\KeithBoice\\source\\repos\\Sample-Node-API-Docker-Kubernetes\\server\\modules\\integrations\\teams\\getmeetinglink\\index.js": {"lines":{"total":37,"covered":7,"skipped":0,"pct":18.92},"functions":{"total":7,"covered":0,"skipped":0,"pct":0},"statements":{"total":37,"covered":7,"skipped":0,"pct":18.92},"branches":{"total":0,"covered":0,"skipped":0,"pct":100}}
,"C:\\Users\\KeithBoice\\source\\repos\\Sample-Node-API-Docker-Kubernetes\\server\\modules\\integrations\\webex\\getmeetinglink\\index.js": {"lines":{"total":33,"covered":8,"skipped":0,"pct":24.24},"functions":{"total":5,"covered":0,"skipped":0,"pct":0},"statements":{"total":33,"covered":8,"skipped":0,"pct":24.24},"branches":{"total":0,"covered":0,"skipped":0,"pct":100}}
,"C:\\Users\\KeithBoice\\source\\repos\\Sample-Node-API-Docker-Kubernetes\\server\\modules\\integrations\\zoom\\getmeetinglink\\index.js": {"lines":{"total":35,"covered":10,"skipped":0,"pct":28.57},"functions":{"total":5,"covered":0,"skipped":0,"pct":0},"statements":{"total":35,"covered":10,"skipped":0,"pct":28.57},"branches":{"total":0,"covered":0,"skipped":0,"pct":100}}
,"C:\\Users\\KeithBoice\\source\\repos\\Sample-Node-API-Docker-Kubernetes\\server\\modules\\utils\\handleGlobalErrors.js": {"lines":{"total":16,"covered":1,"skipped":0,"pct":6.25},"functions":{"total":2,"covered":0,"skipped":0,"pct":0},"statements":{"total":16,"covered":1,"skipped":0,"pct":6.25},"branches":{"total":4,"covered":0,"skipped":0,"pct":0}}
,"C:\\Users\\KeithBoice\\source\\repos\\Sample-Node-API-Docker-Kubernetes\\server\\routes\\index.js": {"lines":{"total":185,"covered":101,"skipped":0,"pct":54.59},"functions":{"total":34,"covered":22,"skipped":0,"pct":64.71},"statements":{"total":185,"covered":101,"skipped":0,"pct":54.59},"branches":{"total":50,"covered":30,"skipped":0,"pct":60}}
}
