TN:
SF:C:\Users\KeithBoice\source\repos\Sample-Node-API-Docker-Kubernetes\database\config.js
FNF:0
FNH:0
DA:1,5
DA:2,5
DA:4,5
DA:5,5
DA:10,5
LF:5
LH:5
BRF:0
BRH:0
end_of_record
TN:
SF:C:\Users\KeithBoice\source\repos\Sample-Node-API-Docker-Kubernetes\database\models\index.js
FN:19,(anonymous_0)
FN:22,(anonymous_1)
FN:28,(anonymous_2)
FNF:3
FNH:3
FNDA:25,(anonymous_0)
FNDA:20,(anonymous_1)
FNDA:20,(anonymous_2)
DA:1,5
DA:2,5
DA:3,5
DA:4,5
DA:6,5
DA:7,5
DA:8,5
DA:9,5
DA:12,5
DA:13,0
DA:15,5
DA:18,5
DA:20,25
DA:24,20
DA:25,20
DA:28,5
DA:29,20
DA:30,20
DA:34,5
DA:35,5
DA:37,5
LF:21
LH:20
BRDA:7,0,0,5
BRDA:7,0,1,0
BRDA:12,1,0,0
BRDA:12,1,1,5
BRDA:20,2,0,25
BRDA:20,2,1,25
BRDA:20,2,2,20
BRDA:29,3,0,20
BRDA:29,3,1,0
BRF:9
BRH:6
end_of_record
TN:
SF:C:\Users\KeithBoice\source\repos\Sample-Node-API-Docker-Kubernetes\database\models\meeting.js
FN:1,(anonymous_0)
FN:12,(anonymous_1)
FNF:2
FNH:2
FNDA:5,(anonymous_0)
FNDA:5,(anonymous_1)
DA:1,5
DA:2,5
DA:12,5
DA:15,5
DA:21,5
DA:27,5
LF:6
LH:6
BRF:0
BRH:0
end_of_record
TN:
SF:C:\Users\KeithBoice\source\repos\Sample-Node-API-Docker-Kubernetes\database\models\oauth.js
FN:1,(anonymous_0)
FN:13,(anonymous_1)
FNF:2
FNH:2
FNDA:5,(anonymous_0)
FNDA:5,(anonymous_1)
DA:1,5
DA:2,5
DA:13,5
DA:15,5
DA:21,5
DA:27,5
LF:6
LH:6
BRF:0
BRH:0
end_of_record
TN:
SF:C:\Users\KeithBoice\source\repos\Sample-Node-API-Docker-Kubernetes\database\models\partner.js
FN:1,(anonymous_0)
FN:9,(anonymous_1)
FNF:2
FNH:2
FNDA:5,(anonymous_0)
FNDA:5,(anonymous_1)
DA:1,5
DA:2,5
DA:9,5
DA:11,5
DA:17,5
DA:23,5
LF:6
LH:6
BRF:0
BRH:0
end_of_record
TN:
SF:C:\Users\KeithBoice\source\repos\Sample-Node-API-Docker-Kubernetes\database\models\user.js
FN:1,(anonymous_0)
FN:10,(anonymous_1)
FNF:2
FNH:2
FNDA:5,(anonymous_0)
FNDA:5,(anonymous_1)
DA:1,5
DA:2,5
DA:10,5
DA:12,5
DA:18,5
DA:24,5
LF:6
LH:6
BRF:0
BRH:0
end_of_record
TN:
SF:C:\Users\KeithBoice\source\repos\Sample-Node-API-Docker-Kubernetes\server\index.js
FNF:0
FNH:0
DA:1,5
DA:2,5
DA:3,5
DA:5,5
DA:7,5
DA:10,5
DA:23,5
DA:25,5
DA:26,5
DA:27,5
DA:29,5
DA:31,5
DA:33,5
LF:13
LH:13
BRF:0
BRH:0
end_of_record
TN:
SF:C:\Users\KeithBoice\source\repos\Sample-Node-API-Docker-Kubernetes\server\modules\dataaccess\index.js
FN:11,(anonymous_0)
FN:29,(anonymous_1)
FNF:2
FNH:1
FNDA:1,(anonymous_0)
FNDA:0,(anonymous_1)
DA:1,5
DA:11,5
DA:12,1
DA:13,1
DA:14,0
DA:17,1
DA:29,5
DA:30,0
DA:31,0
DA:33,0
DA:34,0
DA:35,0
DA:36,0
DA:38,0
DA:39,0
DA:42,0
DA:46,5
LF:17
LH:7
BRF:0
BRH:0
end_of_record
TN:
SF:C:\Users\KeithBoice\source\repos\Sample-Node-API-Docker-Kubernetes\server\modules\integrations\oauth\gettoken\index.js
FN:23,(anonymous_0)
FN:37,(anonymous_1)
FN:52,runVerify
FN:70,runIdentify
FN:86,runRequest
FN:174,f
FN:241,runStore
FN:259,(anonymous_7)
FN:262,(anonymous_8)
FN:276,GetSourceName
FNF:10
FNH:0
FNDA:0,(anonymous_0)
FNDA:0,(anonymous_1)
FNDA:0,runVerify
FNDA:0,runIdentify
FNDA:0,runRequest
FNDA:0,f
FNDA:0,runStore
FNDA:0,(anonymous_7)
FNDA:0,(anonymous_8)
FNDA:0,GetSourceName
DA:1,5
DA:2,5
DA:3,5
DA:4,5
DA:5,5
DA:6,5
DA:8,5
DA:9,5
DA:38,0
DA:39,0
DA:40,0
DA:41,0
DA:42,0
DA:44,0
DA:53,0
DA:55,0
DA:57,0
DA:58,0
DA:61,0
DA:71,0
DA:72,0
DA:73,0
DA:75,0
DA:87,0
DA:88,0
DA:89,0
DA:90,0
DA:92,0
DA:93,0
DA:95,0
DA:99,0
DA:100,0
DA:101,0
DA:102,0
DA:104,0
DA:109,0
DA:110,0
DA:111,0
DA:112,0
DA:113,0
DA:115,0
DA:120,0
DA:121,0
DA:122,0
DA:123,0
DA:125,0
DA:127,0
DA:135,0
DA:144,0
DA:145,0
DA:146,0
DA:147,0
DA:149,0
DA:151,0
DA:159,0
DA:175,0
DA:176,0
DA:177,0
DA:179,0
DA:180,0
DA:182,0
DA:184,0
DA:185,0
DA:195,0
DA:196,0
DA:206,0
DA:207,0
DA:219,0
DA:221,0
DA:223,0
DA:224,0
DA:225,0
DA:228,0
DA:230,0
DA:242,0
DA:243,0
DA:244,0
DA:246,0
DA:247,0
DA:249,0
DA:250,0
DA:251,0
DA:252,0
DA:253,0
DA:255,0
DA:256,0
DA:258,0
DA:260,0
DA:263,0
DA:266,0
DA:277,0
DA:280,0
DA:282,0
DA:283,0
DA:285,0
DA:286,0
DA:288,0
DA:289,0
DA:290,0
DA:291,0
DA:292,0
DA:293,0
DA:295,0
DA:296,0
DA:298,0
DA:299,0
DA:301,0
DA:305,0
DA:311,5
LF:109
LH:9
BRDA:57,0,0,0
BRDA:57,0,1,0
BRDA:57,1,0,0
BRDA:57,1,1,0
BRDA:57,1,2,0
BRDA:73,2,0,0
BRDA:73,2,1,0
BRDA:92,3,0,0
BRDA:92,3,1,0
BRDA:109,4,0,0
BRDA:109,4,1,0
BRDA:120,5,0,0
BRDA:120,5,1,0
BRDA:144,6,0,0
BRDA:144,6,1,0
BRDA:184,7,0,0
BRDA:184,7,1,0
BRDA:195,8,0,0
BRDA:195,8,1,0
BRDA:206,9,0,0
BRDA:206,9,1,0
BRDA:282,10,0,0
BRDA:282,10,1,0
BRDA:295,11,0,0
BRDA:295,11,1,0
BRF:25
BRH:0
end_of_record
TN:
SF:C:\Users\KeithBoice\source\repos\Sample-Node-API-Docker-Kubernetes\server\modules\integrations\oauth\settoken\index.js
FN:21,(anonymous_0)
FN:38,(anonymous_1)
FN:71,runStore
FN:87,(anonymous_3)
FN:90,(anonymous_4)
FNF:5
FNH:0
FNDA:0,(anonymous_0)
FNDA:0,(anonymous_1)
FNDA:0,runStore
FNDA:0,(anonymous_3)
FNDA:0,(anonymous_4)
DA:1,5
DA:2,5
DA:3,5
DA:4,5
DA:6,5
DA:7,5
DA:47,0
DA:48,0
DA:57,0
DA:79,0
DA:80,0
DA:81,0
DA:82,0
DA:83,0
DA:84,0
DA:86,0
DA:88,0
DA:91,0
DA:94,0
DA:100,5
LF:20
LH:7
BRF:0
BRH:0
end_of_record
TN:
SF:C:\Users\KeithBoice\source\repos\Sample-Node-API-Docker-Kubernetes\server\modules\integrations\teams\getmeetinglink\index.js
FN:23,(anonymous_0)
FN:33,(anonymous_1)
FN:54,getToken
FN:77,getLink
FN:81,msGraphClientCreateMeeting
FN:120,getAuthenticatedClient
FN:130,(anonymous_6)
FNF:7
FNH:0
FNDA:0,(anonymous_0)
FNDA:0,(anonymous_1)
FNDA:0,getToken
FNDA:0,getLink
FNDA:0,msGraphClientCreateMeeting
FNDA:0,getAuthenticatedClient
FNDA:0,(anonymous_6)
DA:1,5
DA:2,5
DA:5,5
DA:6,5
DA:8,5
DA:9,5
DA:34,0
DA:35,0
DA:36,0
DA:44,0
DA:46,0
DA:55,0
DA:56,0
DA:64,0
DA:78,0
DA:80,0
DA:82,0
DA:84,0
DA:85,0
DA:87,0
DA:89,0
DA:95,0
DA:97,0
DA:99,0
DA:101,0
DA:103,0
DA:111,0
DA:113,0
DA:116,0
DA:118,0
DA:121,0
DA:123,0
DA:124,0
DA:127,0
DA:131,0
DA:136,0
DA:142,5
LF:37
LH:7
BRF:0
BRH:0
end_of_record
TN:
SF:C:\Users\KeithBoice\source\repos\Sample-Node-API-Docker-Kubernetes\server\modules\integrations\webex\getmeetinglink\index.js
FN:23,(anonymous_0)
FN:33,(anonymous_1)
FN:54,getToken
FN:78,getLink
FN:116,f
FNF:5
FNH:0
FNDA:0,(anonymous_0)
FNDA:0,(anonymous_1)
FNDA:0,getToken
FNDA:0,getLink
FNDA:0,f
DA:1,5
DA:2,5
DA:3,5
DA:5,5
DA:6,5
DA:8,5
DA:9,5
DA:34,0
DA:35,0
DA:36,0
DA:44,0
DA:46,0
DA:55,0
DA:56,0
DA:64,0
DA:79,0
DA:81,0
DA:82,0
DA:84,0
DA:110,0
DA:117,0
DA:118,0
DA:120,0
DA:122,0
DA:124,0
DA:132,0
DA:134,0
DA:136,0
DA:137,0
DA:138,0
DA:142,0
DA:144,0
DA:150,5
LF:33
LH:8
BRF:0
BRH:0
end_of_record
TN:
SF:C:\Users\KeithBoice\source\repos\Sample-Node-API-Docker-Kubernetes\server\modules\integrations\zoom\getmeetinglink\index.js
FN:24,(anonymous_0)
FN:34,(anonymous_1)
FN:56,getToken
FN:80,getLink
FN:115,f
FNF:5
FNH:0
FNDA:0,(anonymous_0)
FNDA:0,(anonymous_1)
FNDA:0,getToken
FNDA:0,getLink
FNDA:0,f
DA:1,5
DA:2,5
DA:3,5
DA:4,5
DA:5,5
DA:6,5
DA:7,5
DA:9,5
DA:10,5
DA:35,0
DA:36,0
DA:37,0
DA:46,0
DA:48,0
DA:57,0
DA:58,0
DA:66,0
DA:81,0
DA:83,0
DA:84,0
DA:86,0
DA:109,0
DA:116,0
DA:117,0
DA:119,0
DA:121,0
DA:123,0
DA:131,0
DA:133,0
DA:135,0
DA:136,0
DA:137,0
DA:141,0
DA:143,0
DA:149,5
LF:35
LH:10
BRF:0
BRH:0
end_of_record
TN:
SF:C:\Users\KeithBoice\source\repos\Sample-Node-API-Docker-Kubernetes\server\modules\utils\handleGlobalErrors.js
FN:17,(anonymous_0)
FN:40,(anonymous_1)
FNF:2
FNH:0
FNDA:0,(anonymous_0)
FNDA:0,(anonymous_1)
DA:18,0
DA:21,0
DA:22,0
DA:25,0
DA:26,0
DA:30,0
DA:31,0
DA:32,0
DA:33,0
DA:41,0
DA:42,0
DA:43,0
DA:44,0
DA:45,0
DA:47,0
DA:53,5
LF:16
LH:1
BRDA:21,0,0,0
BRDA:21,0,1,0
BRDA:25,1,0,0
BRDA:25,1,1,0
BRF:4
BRH:0
end_of_record
TN:
SF:C:\Users\KeithBoice\source\repos\Sample-Node-API-Docker-Kubernetes\server\routes\index.js
FN:41,(anonymous_0)
FN:56,(anonymous_1)
FN:61,(anonymous_2)
FN:88,(anonymous_3)
FN:114,(anonymous_4)
FN:119,(anonymous_5)
FN:143,(anonymous_6)
FN:194,(anonymous_7)
FN:219,(anonymous_8)
FN:247,(anonymous_9)
FN:272,(anonymous_10)
FN:305,(anonymous_11)
FN:321,(anonymous_12)
FN:326,(anonymous_13)
FN:351,(anonymous_14)
FN:367,(anonymous_15)
FN:372,(anonymous_16)
FN:394,(anonymous_17)
FN:410,(anonymous_18)
FN:415,(anonymous_19)
FN:449,(anonymous_20)
FN:480,(anonymous_21)
FN:511,(anonymous_22)
FN:542,(anonymous_23)
FN:565,(anonymous_24)
FN:587,(anonymous_25)
FN:609,(anonymous_26)
FN:631,(anonymous_27)
FN:653,(anonymous_28)
FN:676,(anonymous_29)
FN:692,(anonymous_30)
FN:698,(anonymous_31)
FN:707,(anonymous_32)
FN:712,(anonymous_33)
FNF:34
FNH:22
FNDA:1,(anonymous_0)
FNDA:0,(anonymous_1)
FNDA:0,(anonymous_2)
FNDA:2,(anonymous_3)
FNDA:0,(anonymous_4)
FNDA:0,(anonymous_5)
FNDA:1,(anonymous_6)
FNDA:1,(anonymous_7)
FNDA:1,(anonymous_8)
FNDA:1,(anonymous_9)
FNDA:1,(anonymous_10)
FNDA:1,(anonymous_11)
FNDA:0,(anonymous_12)
FNDA:0,(anonymous_13)
FNDA:1,(anonymous_14)
FNDA:0,(anonymous_15)
FNDA:0,(anonymous_16)
FNDA:1,(anonymous_17)
FNDA:0,(anonymous_18)
FNDA:0,(anonymous_19)
FNDA:2,(anonymous_20)
FNDA:1,(anonymous_21)
FNDA:1,(anonymous_22)
FNDA:1,(anonymous_23)
FNDA:1,(anonymous_24)
FNDA:1,(anonymous_25)
FNDA:1,(anonymous_26)
FNDA:1,(anonymous_27)
FNDA:1,(anonymous_28)
FNDA:1,(anonymous_29)
FNDA:0,(anonymous_30)
FNDA:1,(anonymous_31)
FNDA:1,(anonymous_32)
FNDA:0,(anonymous_33)
DA:1,5
DA:2,5
DA:4,5
DA:6,5
DA:7,5
DA:8,5
DA:9,5
DA:10,5
DA:13,5
DA:41,5
DA:43,1
DA:44,1
DA:45,1
DA:49,0
DA:50,0
DA:51,0
DA:52,0
DA:54,0
DA:57,0
DA:58,0
DA:59,0
DA:62,0
DA:63,0
DA:64,0
DA:88,5
DA:90,2
DA:91,2
DA:92,2
DA:96,0
DA:97,0
DA:98,0
DA:99,0
DA:100,0
DA:101,0
DA:102,0
DA:104,0
DA:115,0
DA:116,0
DA:117,0
DA:120,0
DA:121,0
DA:122,0
DA:143,5
DA:145,1
DA:146,1
DA:147,1
DA:167,0
DA:168,0
DA:169,0
DA:194,5
DA:196,1
DA:197,1
DA:198,1
DA:219,5
DA:221,1
DA:222,1
DA:223,1
DA:247,5
DA:249,1
DA:250,1
DA:251,1
DA:272,5
DA:274,1
DA:275,1
DA:276,1
DA:305,5
DA:307,1
DA:308,1
DA:309,1
DA:313,0
DA:314,0
DA:315,0
DA:316,0
DA:317,0
DA:319,0
DA:322,0
DA:323,0
DA:324,0
DA:327,0
DA:328,0
DA:351,5
DA:353,1
DA:354,1
DA:355,1
DA:359,0
DA:360,0
DA:361,0
DA:362,0
DA:363,0
DA:365,0
DA:368,0
DA:369,0
DA:370,0
DA:373,0
DA:374,0
DA:394,5
DA:396,1
DA:397,1
DA:398,1
DA:402,0
DA:403,0
DA:404,0
DA:405,0
DA:406,0
DA:408,0
DA:411,0
DA:412,0
DA:413,0
DA:416,0
DA:417,0
DA:446,5
DA:450,2
DA:451,2
DA:452,2
DA:477,5
DA:481,1
DA:482,1
DA:483,1
DA:508,5
DA:512,1
DA:513,1
DA:514,1
DA:539,5
DA:543,1
DA:544,1
DA:545,1
DA:565,5
DA:567,1
DA:568,1
DA:569,1
DA:572,0
DA:573,0
DA:574,0
DA:587,5
DA:589,1
DA:590,1
DA:591,1
DA:594,0
DA:595,0
DA:596,0
DA:609,5
DA:611,1
DA:612,1
DA:613,1
DA:616,0
DA:617,0
DA:618,0
DA:631,5
DA:633,1
DA:634,1
DA:635,1
DA:638,0
DA:639,0
DA:640,0
DA:653,5
DA:655,1
DA:656,1
DA:657,1
DA:660,0
DA:661,0
DA:662,0
DA:676,5
DA:678,1
DA:679,1
DA:680,1
DA:683,0
DA:684,0
DA:685,0
DA:692,5
DA:693,0
DA:694,0
DA:695,0
DA:698,5
DA:700,1
DA:701,1
DA:702,1
DA:703,1
DA:704,1
DA:706,1
DA:708,1
DA:709,1
DA:710,1
DA:713,0
DA:714,0
DA:721,5
LF:185
LH:101
BRDA:44,0,0,1
BRDA:44,0,1,0
BRDA:91,1,0,2
BRDA:91,1,1,0
BRDA:146,2,0,1
BRDA:146,2,1,0
BRDA:197,3,0,1
BRDA:197,3,1,0
BRDA:222,4,0,1
BRDA:222,4,1,0
BRDA:250,5,0,1
BRDA:250,5,1,0
BRDA:275,6,0,1
BRDA:275,6,1,0
BRDA:308,7,0,1
BRDA:308,7,1,0
BRDA:354,8,0,1
BRDA:354,8,1,0
BRDA:397,9,0,1
BRDA:397,9,1,0
BRDA:451,10,0,2
BRDA:451,10,1,0
BRDA:482,11,0,1
BRDA:482,11,1,0
BRDA:513,12,0,1
BRDA:513,12,1,0
BRDA:544,13,0,1
BRDA:544,13,1,0
BRDA:568,14,0,1
BRDA:568,14,1,0
BRDA:590,15,0,1
BRDA:590,15,1,0
BRDA:612,16,0,1
BRDA:612,16,1,0
BRDA:634,17,0,1
BRDA:634,17,1,0
BRDA:656,18,0,1
BRDA:656,18,1,0
BRDA:679,19,0,1
BRDA:679,19,1,0
BRDA:700,20,0,1
BRDA:700,20,1,1
BRDA:701,21,0,1
BRDA:701,21,1,1
BRDA:702,22,0,1
BRDA:702,22,1,1
BRDA:703,23,0,1
BRDA:703,23,1,1
BRDA:704,24,0,1
BRDA:704,24,1,1
BRF:50
BRH:30
end_of_record
